[18Jan2024 17:58:25.583] [main/INFO] [cpw.mods.modlauncher.Launcher/MODLAUNCHER]: ModLauncher running: args [--launchTarget, forgeclientuserdev, --version, 20.4.80-beta, --assetIndex, asset-index, --assetsDir, C:\Users\andre\.gradle\caches\minecraft\assets\1.20.4, --gameDir, ., --fml.neoForgeVersion, 20.4.80-beta, --fml.fmlVersion, 2.0.7, --fml.mcVersion, 1.20.4, --fml.neoFormVersion, 20231207.154220]
[18Jan2024 17:58:25.589] [main/INFO] [cpw.mods.modlauncher.Launcher/MODLAUNCHER]: ModLauncher 10.0.9+10.0.9+main.dcd20f30 starting: java version 17.0.8 by Oracle Corporation; OS Windows 11 arch amd64 version 10.0
[18Jan2024 17:58:25.705] [main/INFO] [net.neoforged.fml.loading.ImmediateWindowHandler/]: Loading ImmediateWindowProvider fmlearlywindow
[18Jan2024 17:58:25.793] [main/INFO] [EARLYDISPLAY/]: Trying GL version 4.6
[18Jan2024 17:58:26.139] [main/INFO] [EARLYDISPLAY/]: Requested GL version 4.6 got version 4.6
[18Jan2024 17:58:26.231] [main/INFO] [mixin/]: SpongePowered MIXIN Subsystem Version=0.8.5 Source=union:/C:/Users/andre/.gradle/caches/modules-2/files-2.1/org.spongepowered/mixin/0.8.5/9d1c0c3a304ae6697ecd477218fa61b850bf57fc/mixin-0.8.5.jar%23141!/ Service=ModLauncher Env=CLIENT
[18Jan2024 17:58:26.303] [pool-2-thread-1/INFO] [EARLYDISPLAY/]: GL info: NVIDIA GeForce RTX 3070 Ti Laptop GPU/PCIe/SSE2 GL version 4.6.0 NVIDIA 546.29, NVIDIA Corporation
[18Jan2024 17:58:26.481] [main/WARN] [net.neoforged.fml.loading.moddiscovery.ModFileParser/LOADING]: Mod file C:\Users\andre\.gradle\caches\modules-2\files-2.1\net.neoforged.fancymodloader\language-lowcode\2.0.7\4970d9adbc5ec222d10f9f5d312bf6d41d07ca0f\language-lowcode-2.0.7.jar is missing mods.toml file
[18Jan2024 17:58:26.486] [main/WARN] [net.neoforged.fml.loading.moddiscovery.ModFileParser/LOADING]: Mod file C:\Users\andre\.gradle\caches\modules-2\files-2.1\net.neoforged.fancymodloader\language-java\2.0.7\b01ef89554cc4de7b0061fe4bbb461743fa06084\language-java-2.0.7.jar is missing mods.toml file
[18Jan2024 17:58:26.491] [main/WARN] [net.neoforged.fml.loading.moddiscovery.ModFileParser/LOADING]: Mod file C:\Users\andre\.gradle\caches\modules-2\files-2.1\net.neoforged.fancymodloader\core\2.0.7\378a7fefa1de771f5e03ff85f0f3e90e25e6351d\core-2.0.7.jar is missing mods.toml file
[18Jan2024 17:58:26.497] [main/WARN] [net.neoforged.fml.loading.moddiscovery.ModFileParser/LOADING]: Mod file C:\Users\andre\.gradle\caches\modules-2\files-2.1\net.neoforged.fancymodloader\language-minecraft\2.0.7\647712e03519c97818853317194c204c2f2055c4\language-minecraft-2.0.7.jar is missing mods.toml file
[18Jan2024 17:58:26.518] [main/INFO] [net.neoforged.fml.loading.moddiscovery.ModDiscoverer/SCAN]: Found mod file "language-lowcode-2.0.7.jar" of type LANGPROVIDER with provider net.neoforged.fml.loading.moddiscovery.MinecraftLocator@6c2d4cc6
[18Jan2024 17:58:26.519] [main/INFO] [net.neoforged.fml.loading.moddiscovery.ModDiscoverer/SCAN]: Found mod file "language-java-2.0.7.jar" of type LANGPROVIDER with provider net.neoforged.fml.loading.moddiscovery.MinecraftLocator@6c2d4cc6
[18Jan2024 17:58:26.519] [main/INFO] [net.neoforged.fml.loading.moddiscovery.ModDiscoverer/SCAN]: Found mod file "core-2.0.7.jar" of type LIBRARY with provider net.neoforged.fml.loading.moddiscovery.MinecraftLocator@6c2d4cc6
[18Jan2024 17:58:26.519] [main/INFO] [net.neoforged.fml.loading.moddiscovery.ModDiscoverer/SCAN]: Found mod file "language-minecraft-2.0.7.jar" of type LANGPROVIDER with provider net.neoforged.fml.loading.moddiscovery.MinecraftLocator@6c2d4cc6
[18Jan2024 17:58:26.519] [main/INFO] [net.neoforged.fml.loading.moddiscovery.ModDiscoverer/SCAN]: Found mod file "neoforge-20.4.80-beta.jar" of type MOD with provider net.neoforged.fml.loading.moddiscovery.MinecraftLocator@6c2d4cc6
[18Jan2024 17:58:26.520] [main/INFO] [net.neoforged.fml.loading.moddiscovery.ModDiscoverer/SCAN]: Found mod file "main" of type MOD with provider net.neoforged.fml.loading.moddiscovery.MinecraftLocator@6c2d4cc6
[18Jan2024 17:58:26.520] [main/INFO] [net.neoforged.fml.loading.moddiscovery.ModDiscoverer/SCAN]: Found mod file "" of type MOD with provider net.neoforged.fml.loading.moddiscovery.MinecraftLocator@6c2d4cc6
[18Jan2024 17:58:26.540] [main/INFO] [net.neoforged.fml.loading.moddiscovery.ModDiscoverer/SCAN]: Found mod file "events-2.0.7.jar" of type GAMELIBRARY with provider net.neoforged.fml.loading.moddiscovery.BuiltinGameLibraryLocator@64040287
[18Jan2024 17:58:26.723] [main/INFO] [net.neoforged.fml.loading.moddiscovery.JarInJarDependencyLocator/]: Found 1 dependencies adding them to mods collection
[18Jan2024 17:58:26.724] [main/INFO] [net.neoforged.fml.loading.moddiscovery.ModDiscoverer/SCAN]: Found mod file "mixinextras-neoforge-0.3.2.jar" of type GAMELIBRARY with provider net.neoforged.fml.loading.moddiscovery.JarInJarDependencyLocator@4beddc56
